<?xml version="1.0" encoding="UTF-8"?>
<!-- Generated by org.testng.reporters.JUnitReportReporter -->
<testsuite hostname="EC2AMAZ-S11DBRH" failures="0" tests="9" name="runners.TaggedRunner" time="0.224" errors="0" timestamp="2023-08-25T07:06:18 GMT" skipped="0">
  <testcase classname="runners.TaggedRunner" name="runScenario" time="0.016"/>
  <system-out/>
  <testcase classname="runners.TaggedRunner" name="runScenario" time="0.009"/>
  <system-out/>
  <testcase classname="runners.TaggedRunner" name="runScenario" time="0.012"/>
  <system-out/>
  <testcase classname="runners.TaggedRunner" name="runScenario" time="0.011"/>
  <system-out/>
  <testcase classname="runners.TaggedRunner" name="runScenario" time="0.018"/>
  <system-out/>
  <testcase classname="runners.TaggedRunner" name="runScenario" time="0.010"/>
  <system-out/>
  <testcase classname="runners.TaggedRunner" name="runScenario" time="0.117"/>
  <system-out/>
  <testcase classname="runners.TaggedRunner" name="runScenario" time="0.020"/>
  <system-out/>
  <testcase classname="runners.TaggedRunner" name="runScenario" time="0.011"/>
  <system-out/>
</testsuite> <!-- runners.TaggedRunner -->
