<?xml version="1.0" encoding="UTF-8"?>
<!-- Generated by org.testng.reporters.JUnitReportReporter -->
<testsuite hostname="EC2AMAZ-S11DBRH" failures="0" tests="3" name="runners.MyTestRunner" time="0.466" errors="0" timestamp="2023-08-24T07:57:57 GMT" skipped="0">
  <testcase classname="runners.MyTestRunner" name="runScenario" time="0.186"/>
  <system-out/>
  <testcase classname="runners.MyTestRunner" name="runScenario" time="0.020"/>
  <system-out/>
  <testcase classname="runners.MyTestRunner" name="runScenario" time="0.260"/>
  <system-out/>
</testsuite> <!-- runners.MyTestRunner -->
