<?xml version="1.0" encoding="UTF-8"?>
<!-- Generated by org.testng.reporters.JUnitReportReporter -->
<testsuite hostname="EC2AMAZ-S11DBRH" failures="0" tests="3" name="runners.MyTestRunner" time="0.145" errors="0" timestamp="2023-08-24T07:08:23 GMT" skipped="0">
  <testcase classname="runners.MyTestRunner" name="runScenario" time="0.124"/>
  <system-out/>
  <testcase classname="runners.MyTestRunner" name="runScenario" time="0.011"/>
  <system-out/>
  <testcase classname="runners.MyTestRunner" name="runScenario" time="0.010"/>
  <system-out/>
</testsuite> <!-- runners.MyTestRunner -->
